{"uid":"1214c4c43bb8729d","name":"changeProfileWithValidData()","fullName":"nbugs.api.ChangeProfileTest.changeProfileWithValidData","historyId":"dff12612701abf9efcb428745275f49e","time":{"start":1764946522556,"stop":1764946524106,"duration":1550},"description":"","status":"failed","statusMessage":"1 expectation failed.\nExpected status code <200> but was <401>.\n","statusTrace":"java.lang.AssertionError: 1 expectation failed.\nExpected status code <200> but was <401>.\n\n\tat java.base/jdk.internal.reflect.DirectConstructorHandleAccessor.newInstance(DirectConstructorHandleAccessor.java:62)\n\tat java.base/java.lang.reflect.Constructor.newInstanceWithCaller(Constructor.java:502)\n\tat java.base/java.lang.reflect.Constructor.newInstance(Constructor.java:486)\n\tat org.codehaus.groovy.reflection.CachedConstructor.invoke(CachedConstructor.java:73)\n\tat org.codehaus.groovy.runtime.callsite.ConstructorSite$ConstructorSiteNoUnwrapNoCoerce.callConstructor(ConstructorSite.java:108)\n\tat org.codehaus.groovy.runtime.callsite.CallSiteArray.defaultCallConstructor(CallSiteArray.java:57)\n\tat org.codehaus.groovy.runtime.callsite.AbstractCallSite.callConstructor(AbstractCallSite.java:263)\n\tat org.codehaus.groovy.runtime.callsite.AbstractCallSite.callConstructor(AbstractCallSite.java:277)\n\tat io.restassured.internal.ResponseSpecificationImpl$HamcrestAssertionClosure.validate(ResponseSpecificationImpl.groovy:512)\n\tat io.restassured.internal.ResponseSpecificationImpl$HamcrestAssertionClosure$validate$2.call(Unknown Source)\n\tat io.restassured.internal.ResponseSpecificationImpl.validate(ResponseSpecificationImpl.groovy:101)\n\tat io.restassured.internal.ValidatableResponseOptionsImpl.spec(ValidatableResponseOptionsImpl.java:288)\n\tat nbugs.requests.skelethon.requesters.CrudRequester.post(CrudRequester.java:31)\n\tat nbugs.specs.RequestSpecs.getUserAuthHeader(RequestSpecs.java:66)\n\tat nbugs.specs.RequestSpecs.authAsUser(RequestSpecs.java:54)\n\tat nbugs.requests.steps.CustomerSteps.getCustomerProfile(CustomerSteps.java:37)\n\tat nbugs.api.ChangeProfileTest.changeProfileWithValidData(ChangeProfileTest.java:29)\n\tat java.base/java.lang.reflect.Method.invoke(Method.java:580)\n\tat java.base/java.util.concurrent.RecursiveAction.exec(RecursiveAction.java:194)\n\tat java.base/java.util.concurrent.ForkJoinTask.doExec(ForkJoinTask.java:387)\n\tat java.base/java.util.concurrent.ForkJoinPool$WorkQueue.tryRemoveAndExec(ForkJoinPool.java:1351)\n\tat java.base/java.util.concurrent.ForkJoinTask.awaitDone(ForkJoinTask.java:422)\n\tat java.base/java.util.concurrent.ForkJoinTask.join(ForkJoinTask.java:651)\n\tat java.base/java.util.concurrent.RecursiveAction.exec(RecursiveAction.java:194)\n\tat java.base/java.util.concurrent.ForkJoinTask.doExec(ForkJoinTask.java:387)\n\tat java.base/java.util.concurrent.ForkJoinPool$WorkQueue.topLevelExec(ForkJoinPool.java:1312)\n\tat java.base/java.util.concurrent.ForkJoinPool.scan(ForkJoinPool.java:1843)\n\tat java.base/java.util.concurrent.ForkJoinPool.runWorker(ForkJoinPool.java:1808)\n\tat java.base/java.util.concurrent.ForkJoinWorkerThread.run(ForkJoinWorkerThread.java:188)\n","flaky":false,"newFailed":true,"newBroken":false,"newPassed":false,"retriesCount":0,"retriesStatusChange":false,"beforeStages":[],"testStage":{"description":"","status":"failed","statusMessage":"1 expectation failed.\nExpected status code <200> but was <401>.\n","statusTrace":"java.lang.AssertionError: 1 expectation failed.\nExpected status code <200> but was <401>.\n\n\tat java.base/jdk.internal.reflect.DirectConstructorHandleAccessor.newInstance(DirectConstructorHandleAccessor.java:62)\n\tat java.base/java.lang.reflect.Constructor.newInstanceWithCaller(Constructor.java:502)\n\tat java.base/java.lang.reflect.Constructor.newInstance(Constructor.java:486)\n\tat org.codehaus.groovy.reflection.CachedConstructor.invoke(CachedConstructor.java:73)\n\tat org.codehaus.groovy.runtime.callsite.ConstructorSite$ConstructorSiteNoUnwrapNoCoerce.callConstructor(ConstructorSite.java:108)\n\tat org.codehaus.groovy.runtime.callsite.CallSiteArray.defaultCallConstructor(CallSiteArray.java:57)\n\tat org.codehaus.groovy.runtime.callsite.AbstractCallSite.callConstructor(AbstractCallSite.java:263)\n\tat org.codehaus.groovy.runtime.callsite.AbstractCallSite.callConstructor(AbstractCallSite.java:277)\n\tat io.restassured.internal.ResponseSpecificationImpl$HamcrestAssertionClosure.validate(ResponseSpecificationImpl.groovy:512)\n\tat io.restassured.internal.ResponseSpecificationImpl$HamcrestAssertionClosure$validate$2.call(Unknown Source)\n\tat io.restassured.internal.ResponseSpecificationImpl.validate(ResponseSpecificationImpl.groovy:101)\n\tat io.restassured.internal.ValidatableResponseOptionsImpl.spec(ValidatableResponseOptionsImpl.java:288)\n\tat nbugs.requests.skelethon.requesters.CrudRequester.post(CrudRequester.java:31)\n\tat nbugs.specs.RequestSpecs.getUserAuthHeader(RequestSpecs.java:66)\n\tat nbugs.specs.RequestSpecs.authAsUser(RequestSpecs.java:54)\n\tat nbugs.requests.steps.CustomerSteps.getCustomerProfile(CustomerSteps.java:37)\n\tat nbugs.api.ChangeProfileTest.changeProfileWithValidData(ChangeProfileTest.java:29)\n\tat java.base/java.lang.reflect.Method.invoke(Method.java:580)\n\tat java.base/java.util.concurrent.RecursiveAction.exec(RecursiveAction.java:194)\n\tat java.base/java.util.concurrent.ForkJoinTask.doExec(ForkJoinTask.java:387)\n\tat java.base/java.util.concurrent.ForkJoinPool$WorkQueue.tryRemoveAndExec(ForkJoinPool.java:1351)\n\tat java.base/java.util.concurrent.ForkJoinTask.awaitDone(ForkJoinTask.java:422)\n\tat java.base/java.util.concurrent.ForkJoinTask.join(ForkJoinTask.java:651)\n\tat java.base/java.util.concurrent.RecursiveAction.exec(RecursiveAction.java:194)\n\tat java.base/java.util.concurrent.ForkJoinTask.doExec(ForkJoinTask.java:387)\n\tat java.base/java.util.concurrent.ForkJoinPool$WorkQueue.topLevelExec(ForkJoinPool.java:1312)\n\tat java.base/java.util.concurrent.ForkJoinPool.scan(ForkJoinPool.java:1843)\n\tat java.base/java.util.concurrent.ForkJoinPool.runWorker(ForkJoinPool.java:1808)\n\tat java.base/java.util.concurrent.ForkJoinWorkerThread.run(ForkJoinWorkerThread.java:188)\n","steps":[],"attachments":[{"uid":"c93fc166aee923c","name":"Request","source":"c93fc166aee923c.html","type":"text/html","size":999},{"uid":"11f34d08e9fa09cf","name":"HTTP/1.1 201 ","source":"11f34d08e9fa09cf.html","type":"text/html","size":1052},{"uid":"1a2162c25951858c","name":"Request","source":"1a2162c25951858c.html","type":"text/html","size":805},{"uid":"d3f76b965bfae893","name":"HTTP/1.1 401 ","source":"d3f76b965bfae893.html","type":"text/html","size":772}],"parameters":[],"stepsCount":0,"shouldDisplayMessage":true,"attachmentsCount":4,"hasContent":true,"attachmentStep":false},"afterStages":[],"labels":[{"name":"junit.platform.uniqueid","value":"[engine:junit-jupiter]/[class:nbugs.api.ChangeProfileTest]/[method:changeProfileWithValidData()]"},{"name":"host","value":"runnervmoqczp"},{"name":"thread","value":"3594@runnervmoqczp.ForkJoinPool-1-worker-2(29)"},{"name":"framework","value":"junit-platform"},{"name":"language","value":"java"},{"name":"package","value":"nbugs.api.ChangeProfileTest"},{"name":"testClass","value":"nbugs.api.ChangeProfileTest"},{"name":"testMethod","value":"changeProfileWithValidData"},{"name":"suite","value":"nbugs.api.ChangeProfileTest"},{"name":"resultFormat","value":"allure2"}],"parameters":[],"links":[],"hidden":false,"retry":false,"extra":{"severity":"normal","retries":[],"categories":[{"name":"Product defects","matchedStatuses":[],"flaky":false}],"history":{"statistic":{"failed":1,"broken":0,"skipped":0,"passed":7,"unknown":0,"total":8},"items":[{"uid":"31f4d99efe5f60b3","reportUrl":"https://r2ff.github.io/nbugstests/15/#testresult/31f4d99efe5f60b3","status":"passed","time":{"start":1764945602316,"stop":1764945604422,"duration":2106}},{"uid":"2057657b3fb3c5be","reportUrl":"https://r2ff.github.io/nbugstests/14/#testresult/2057657b3fb3c5be","status":"passed","time":{"start":1764944614319,"stop":1764944616623,"duration":2304}},{"uid":"a4e98e8fa399e75d","reportUrl":"https://r2ff.github.io/nbugstests/13/#testresult/a4e98e8fa399e75d","status":"passed","time":{"start":1764942922403,"stop":1764942924850,"duration":2447}},{"uid":"589a2a28f2238663","reportUrl":"https://r2ff.github.io/nbugstests/12/#testresult/589a2a28f2238663","status":"passed","time":{"start":1764942345137,"stop":1764942347445,"duration":2308}},{"uid":"94b74283bdfb31c1","reportUrl":"https://r2ff.github.io/nbugstests/11/#testresult/94b74283bdfb31c1","status":"passed","time":{"start":1764941341130,"stop":1764941343275,"duration":2145}},{"uid":"ed31c97b9c157b51","reportUrl":"https://r2ff.github.io/nbugstests/10/#testresult/ed31c97b9c157b51","status":"passed","time":{"start":1764940787843,"stop":1764940790026,"duration":2183}},{"uid":"29c573ce6b68c85","reportUrl":"https://r2ff.github.io/nbugstests/9/#testresult/29c573ce6b68c85","status":"passed","time":{"start":1764939976493,"stop":1764939978836,"duration":2343}}]},"tags":[]},"source":"1214c4c43bb8729d.json","parameterValues":[]}